2024-11-26 16:29:11 [background-preinit] INFO  o.h.validator.internal.util.Version - HV000001: Hibernate Validator 8.0.1.Final
2024-11-26 16:29:11 [main] INFO  c.I.o.OrderManagementApplication - Starting OrderManagementApplication using Java 17.0.11 with PID 22688 (D:\order-management\target\classes started by mcardauc in D:\order-management)
2024-11-26 16:29:11 [main] INFO  c.I.o.OrderManagementApplication - No active profile set, falling back to 1 default profile: "default"
2024-11-26 16:29:16 [main] INFO  o.s.b.w.e.tomcat.TomcatWebServer - Tomcat initialized with port(s): 8080 (http)
2024-11-26 16:29:16 [main] INFO  o.a.coyote.http11.Http11NioProtocol - Initializing ProtocolHandler ["http-nio-0.0.0.0-8080"]
2024-11-26 16:29:16 [main] INFO  o.a.catalina.core.StandardService - Starting service [Tomcat]
2024-11-26 16:29:16 [main] INFO  o.a.catalina.core.StandardEngine - Starting Servlet engine: [Apache Tomcat/10.1.11]
2024-11-26 16:29:16 [main] INFO  o.a.c.c.C.[Tomcat].[localhost].[/] - Initializing Spring embedded WebApplicationContext
2024-11-26 16:29:16 [main] INFO  o.s.b.w.s.c.ServletWebServerApplicationContext - Root WebApplicationContext: initialization completed in 4555 ms
2024-11-26 16:29:19 [main] INFO  liquibase.changelog - Reading from test.DATABASECHANGELOG
2024-11-26 16:29:19 [main] INFO  liquibase.executor - Changelog query completed.
2024-11-26 16:29:20 [main] INFO  liquibase.changelog - Change failed validation!
2024-11-26 16:29:20 [main] ERROR o.s.b.w.e.tomcat.TomcatStarter - Error starting Tomcat context. Exception: org.springframework.beans.factory.UnsatisfiedDependencyException. Message: Error creating bean with name 'jwtFilter': Unsatisfied dependency expressed through field 'customUserDetailsService': Error creating bean with name 'customUserDetailsService' defined in file [D:\order-management\target\classes\com\ImperioElevator\ordermanagement\security\CustomUserDetailsService.class]: Unsatisfied dependency expressed through constructor parameter 0: Error creating bean with name 'userDaoImpl' defined in file [D:\order-management\target\classes\com\ImperioElevator\ordermanagement\dao\daoimpl\UserDaoImpl.class]: Unsatisfied dependency expressed through constructor parameter 0: Error creating bean with name 'liquibase' defined in class path resource [org/springframework/boot/autoconfigure/liquibase/LiquibaseAutoConfiguration$LiquibaseConfiguration.class]: Validation Failed:
     6 changesets check sum
          db/changelog/v-1.0/3-changeset-product-table.xml::3.1::Mihai was: 8:1eecda1fe56933193154a70bc1845137 but is now: 8:12291a816c548799d228daf2c70d44d2
          db/changelog/v-1.0/4-changeset-order-table.xml::4::Mihai was: 8:961ed47d778605c3305736da22ef20a8 but is now: 8:c915b6c98aed94d6a5c0239bf5762c61
          db/changelog/v-1.0/4-changeset-order-table.xml::4.1::Mihai was: 8:8b799b4fd695abe0c5f6eb442490b68b but is now: 8:44e3e91aab253f5ee7a8c36783f1ebe6
          db/changelog/v-1.0/4-changeset-order-table.xml::4.2::Mihai was: 8:22cce844e7f4cd65a3b96a4296f8b49f but is now: 8:6fc0f0a2ada3519429c051ac5b13f48a
          db/changelog/v-1.0/5-changeset-orderProduct-table.xml::5::Mihai was: 8:389fd1e63f89b88a0a5610e0ab652b9c but is now: 8:210fa01249e0f973ab7096913c179c38
          db/changelog/v-1.0/5-changeset-orderProduct-table.xml::5.1::Mihai was: 8:9860028e048e1b64a5190032287e3cc0 but is now: 8:859c603df7345a89afe4e71f161d5556

2024-11-26 16:29:20 [main] INFO  o.a.catalina.core.StandardService - Stopping service [Tomcat]
2024-11-26 16:29:20 [main] WARN  o.s.b.w.s.c.AnnotationConfigServletWebServerApplicationContext - Exception encountered during context initialization - cancelling refresh attempt: org.springframework.context.ApplicationContextException: Unable to start web server
2024-11-26 16:29:20 [main] INFO  o.s.b.a.l.ConditionEvaluationReportLogger - 

Error starting ApplicationContext. To display the condition evaluation report re-run your application with 'debug' enabled.
2024-11-26 16:29:20 [main] ERROR o.s.boot.SpringApplication - Application run failed
org.springframework.context.ApplicationContextException: Unable to start web server
	at org.springframework.boot.web.servlet.context.ServletWebServerApplicationContext.onRefresh(ServletWebServerApplicationContext.java:164)
	at org.springframework.context.support.AbstractApplicationContext.refresh(AbstractApplicationContext.java:602)
	at org.springframework.boot.web.servlet.context.ServletWebServerApplicationContext.refresh(ServletWebServerApplicationContext.java:146)
	at org.springframework.boot.SpringApplication.refresh(SpringApplication.java:734)
	at org.springframework.boot.SpringApplication.refreshContext(SpringApplication.java:436)
	at org.springframework.boot.SpringApplication.run(SpringApplication.java:312)
	at org.springframework.boot.SpringApplication.run(SpringApplication.java:1306)
	at org.springframework.boot.SpringApplication.run(SpringApplication.java:1295)
	at com.ImperioElevator.ordermanagement.OrderManagementApplication.main(OrderManagementApplication.java:18)
Caused by: org.springframework.boot.web.server.WebServerException: Unable to start embedded Tomcat
	at org.springframework.boot.web.embedded.tomcat.TomcatWebServer.initialize(TomcatWebServer.java:142)
	at org.springframework.boot.web.embedded.tomcat.TomcatWebServer.<init>(TomcatWebServer.java:104)
	at org.springframework.boot.web.embedded.tomcat.TomcatServletWebServerFactory.getTomcatWebServer(TomcatServletWebServerFactory.java:489)
	at org.springframework.boot.web.embedded.tomcat.TomcatServletWebServerFactory.getWebServer(TomcatServletWebServerFactory.java:211)
	at org.springframework.boot.web.servlet.context.ServletWebServerApplicationContext.createWebServer(ServletWebServerApplicationContext.java:183)
	at org.springframework.boot.web.servlet.context.ServletWebServerApplicationContext.onRefresh(ServletWebServerApplicationContext.java:161)
	... 8 common frames omitted
Caused by: org.springframework.beans.factory.UnsatisfiedDependencyException: Error creating bean with name 'jwtFilter': Unsatisfied dependency expressed through field 'customUserDetailsService': Error creating bean with name 'customUserDetailsService' defined in file [D:\order-management\target\classes\com\ImperioElevator\ordermanagement\security\CustomUserDetailsService.class]: Unsatisfied dependency expressed through constructor parameter 0: Error creating bean with name 'userDaoImpl' defined in file [D:\order-management\target\classes\com\ImperioElevator\ordermanagement\dao\daoimpl\UserDaoImpl.class]: Unsatisfied dependency expressed through constructor parameter 0: Error creating bean with name 'liquibase' defined in class path resource [org/springframework/boot/autoconfigure/liquibase/LiquibaseAutoConfiguration$LiquibaseConfiguration.class]: Validation Failed:
     6 changesets check sum
          db/changelog/v-1.0/3-changeset-product-table.xml::3.1::Mihai was: 8:1eecda1fe56933193154a70bc1845137 but is now: 8:12291a816c548799d228daf2c70d44d2
          db/changelog/v-1.0/4-changeset-order-table.xml::4::Mihai was: 8:961ed47d778605c3305736da22ef20a8 but is now: 8:c915b6c98aed94d6a5c0239bf5762c61
          db/changelog/v-1.0/4-changeset-order-table.xml::4.1::Mihai was: 8:8b799b4fd695abe0c5f6eb442490b68b but is now: 8:44e3e91aab253f5ee7a8c36783f1ebe6
          db/changelog/v-1.0/4-changeset-order-table.xml::4.2::Mihai was: 8:22cce844e7f4cd65a3b96a4296f8b49f but is now: 8:6fc0f0a2ada3519429c051ac5b13f48a
          db/changelog/v-1.0/5-changeset-orderProduct-table.xml::5::Mihai was: 8:389fd1e63f89b88a0a5610e0ab652b9c but is now: 8:210fa01249e0f973ab7096913c179c38
          db/changelog/v-1.0/5-changeset-orderProduct-table.xml::5.1::Mihai was: 8:9860028e048e1b64a5190032287e3cc0 but is now: 8:859c603df7345a89afe4e71f161d5556

	at org.springframework.beans.factory.annotation.AutowiredAnnotationBeanPostProcessor$AutowiredFieldElement.resolveFieldValue(AutowiredAnnotationBeanPostProcessor.java:716)
	at org.springframework.beans.factory.annotation.AutowiredAnnotationBeanPostProcessor$AutowiredFieldElement.inject(AutowiredAnnotationBeanPostProcessor.java:696)
	at org.springframework.beans.factory.annotation.InjectionMetadata.inject(InjectionMetadata.java:145)
	at org.springframework.beans.factory.annotation.AutowiredAnnotationBeanPostProcessor.postProcessProperties(AutowiredAnnotationBeanPostProcessor.java:483)
	at org.springframework.beans.factory.support.AbstractAutowireCapableBeanFactory.populateBean(AbstractAutowireCapableBeanFactory.java:1416)
	at org.springframework.beans.factory.support.AbstractAutowireCapableBeanFactory.doCreateBean(AbstractAutowireCapableBeanFactory.java:597)
	at org.springframework.beans.factory.support.AbstractAutowireCapableBeanFactory.createBean(AbstractAutowireCapableBeanFactory.java:520)
	at org.springframework.beans.factory.support.AbstractBeanFactory.lambda$doGetBean$0(AbstractBeanFactory.java:326)
	at org.springframework.beans.factory.support.DefaultSingletonBeanRegistry.getSingleton(DefaultSingletonBeanRegistry.java:234)
	at org.springframework.beans.factory.support.AbstractBeanFactory.doGetBean(AbstractBeanFactory.java:324)
	at org.springframework.beans.factory.support.AbstractBeanFactory.getBean(AbstractBeanFactory.java:205)
	at org.springframework.boot.web.servlet.ServletContextInitializerBeans.getOrderedBeansOfType(ServletContextInitializerBeans.java:210)
	at org.springframework.boot.web.servlet.ServletContextInitializerBeans.addAsRegistrationBean(ServletContextInitializerBeans.java:173)
	at org.springframework.boot.web.servlet.ServletContextInitializerBeans.addAsRegistrationBean(ServletContextInitializerBeans.java:168)
	at org.springframework.boot.web.servlet.ServletContextInitializerBeans.addAdaptableBeans(ServletContextInitializerBeans.java:153)
	at org.springframework.boot.web.servlet.ServletContextInitializerBeans.<init>(ServletContextInitializerBeans.java:86)
	at org.springframework.boot.web.servlet.context.ServletWebServerApplicationContext.getServletContextInitializerBeans(ServletWebServerApplicationContext.java:261)
	at org.springframework.boot.web.servlet.context.ServletWebServerApplicationContext.selfInitialize(ServletWebServerApplicationContext.java:235)
	at org.springframework.boot.web.embedded.tomcat.TomcatStarter.onStartup(TomcatStarter.java:52)
	at org.apache.catalina.core.StandardContext.startInternal(StandardContext.java:4886)
	at org.apache.catalina.util.LifecycleBase.start(LifecycleBase.java:183)
	at org.apache.catalina.core.ContainerBase$StartChild.call(ContainerBase.java:1328)
	at org.apache.catalina.core.ContainerBase$StartChild.call(ContainerBase.java:1318)
	at java.base/java.util.concurrent.FutureTask.run(FutureTask.java:264)
	at org.apache.tomcat.util.threads.InlineExecutorService.execute(InlineExecutorService.java:75)
	at java.base/java.util.concurrent.AbstractExecutorService.submit(AbstractExecutorService.java:145)
	at org.apache.catalina.core.ContainerBase.startInternal(ContainerBase.java:866)
	at org.apache.catalina.core.StandardHost.startInternal(StandardHost.java:846)
	at org.apache.catalina.util.LifecycleBase.start(LifecycleBase.java:183)
	at org.apache.catalina.core.ContainerBase$StartChild.call(ContainerBase.java:1328)
	at org.apache.catalina.core.ContainerBase$StartChild.call(ContainerBase.java:1318)
	at java.base/java.util.concurrent.FutureTask.run(FutureTask.java:264)
	at org.apache.tomcat.util.threads.InlineExecutorService.execute(InlineExecutorService.java:75)
	at java.base/java.util.concurrent.AbstractExecutorService.submit(AbstractExecutorService.java:145)
	at org.apache.catalina.core.ContainerBase.startInternal(ContainerBase.java:866)
	at org.apache.catalina.core.StandardEngine.startInternal(StandardEngine.java:241)
	at org.apache.catalina.util.LifecycleBase.start(LifecycleBase.java:183)
	at org.apache.catalina.core.StandardService.startInternal(StandardService.java:428)
	at org.apache.catalina.util.LifecycleBase.start(LifecycleBase.java:183)
	at org.apache.catalina.core.StandardServer.startInternal(StandardServer.java:918)
	at org.apache.catalina.util.LifecycleBase.start(LifecycleBase.java:183)
	at org.apache.catalina.startup.Tomcat.start(Tomcat.java:485)
	at org.springframework.boot.web.embedded.tomcat.TomcatWebServer.initialize(TomcatWebServer.java:123)
	... 13 common frames omitted
Caused by: org.springframework.beans.factory.UnsatisfiedDependencyException: Error creating bean with name 'customUserDetailsService' defined in file [D:\order-management\target\classes\com\ImperioElevator\ordermanagement\security\CustomUserDetailsService.class]: Unsatisfied dependency expressed through constructor parameter 0: Error creating bean with name 'userDaoImpl' defined in file [D:\order-management\target\classes\com\ImperioElevator\ordermanagement\dao\daoimpl\UserDaoImpl.class]: Unsatisfied dependency expressed through constructor parameter 0: Error creating bean with name 'liquibase' defined in class path resource [org/springframework/boot/autoconfigure/liquibase/LiquibaseAutoConfiguration$LiquibaseConfiguration.class]: Validation Failed:
     6 changesets check sum
          db/changelog/v-1.0/3-changeset-product-table.xml::3.1::Mihai was: 8:1eecda1fe56933193154a70bc1845137 but is now: 8:12291a816c548799d228daf2c70d44d2
          db/changelog/v-1.0/4-changeset-order-table.xml::4::Mihai was: 8:961ed47d778605c3305736da22ef20a8 but is now: 8:c915b6c98aed94d6a5c0239bf5762c61
          db/changelog/v-1.0/4-changeset-order-table.xml::4.1::Mihai was: 8:8b799b4fd695abe0c5f6eb442490b68b but is now: 8:44e3e91aab253f5ee7a8c36783f1ebe6
          db/changelog/v-1.0/4-changeset-order-table.xml::4.2::Mihai was: 8:22cce844e7f4cd65a3b96a4296f8b49f but is now: 8:6fc0f0a2ada3519429c051ac5b13f48a
          db/changelog/v-1.0/5-changeset-orderProduct-table.xml::5::Mihai was: 8:389fd1e63f89b88a0a5610e0ab652b9c but is now: 8:210fa01249e0f973ab7096913c179c38
          db/changelog/v-1.0/5-changeset-orderProduct-table.xml::5.1::Mihai was: 8:9860028e048e1b64a5190032287e3cc0 but is now: 8:859c603df7345a89afe4e71f161d5556

	at org.springframework.beans.factory.support.ConstructorResolver.createArgumentArray(ConstructorResolver.java:800)
	at org.springframework.beans.factory.support.ConstructorResolver.autowireConstructor(ConstructorResolver.java:245)
	at org.springframework.beans.factory.support.AbstractAutowireCapableBeanFactory.autowireConstructor(AbstractAutowireCapableBeanFactory.java:1352)
	at org.springframework.beans.factory.support.AbstractAutowireCapableBeanFactory.createBeanInstance(AbstractAutowireCapableBeanFactory.java:1189)
	at org.springframework.beans.factory.support.AbstractAutowireCapableBeanFactory.doCreateBean(AbstractAutowireCapableBeanFactory.java:560)
	at org.springframework.beans.factory.support.AbstractAutowireCapableBeanFactory.createBean(AbstractAutowireCapableBeanFactory.java:520)
	at org.springframework.beans.factory.support.AbstractBeanFactory.lambda$doGetBean$0(AbstractBeanFactory.java:326)
	at org.springframework.beans.factory.support.DefaultSingletonBeanRegistry.getSingleton(DefaultSingletonBeanRegistry.java:234)
	at org.springframework.beans.factory.support.AbstractBeanFactory.doGetBean(AbstractBeanFactory.java:324)
	at org.springframework.beans.factory.support.AbstractBeanFactory.getBean(AbstractBeanFactory.java:200)
	at org.springframework.beans.factory.config.DependencyDescriptor.resolveCandidate(DependencyDescriptor.java:254)
	at org.springframework.beans.factory.support.DefaultListableBeanFactory.doResolveDependency(DefaultListableBeanFactory.java:1417)
	at org.springframework.beans.factory.support.DefaultListableBeanFactory.resolveDependency(DefaultListableBeanFactory.java:1337)
	at org.springframework.beans.factory.annotation.AutowiredAnnotationBeanPostProcessor$AutowiredFieldElement.resolveFieldValue(AutowiredAnnotationBeanPostProcessor.java:713)
	... 55 common frames omitted
Caused by: org.springframework.beans.factory.UnsatisfiedDependencyException: Error creating bean with name 'userDaoImpl' defined in file [D:\order-management\target\classes\com\ImperioElevator\ordermanagement\dao\daoimpl\UserDaoImpl.class]: Unsatisfied dependency expressed through constructor parameter 0: Error creating bean with name 'liquibase' defined in class path resource [org/springframework/boot/autoconfigure/liquibase/LiquibaseAutoConfiguration$LiquibaseConfiguration.class]: Validation Failed:
     6 changesets check sum
          db/changelog/v-1.0/3-changeset-product-table.xml::3.1::Mihai was: 8:1eecda1fe56933193154a70bc1845137 but is now: 8:12291a816c548799d228daf2c70d44d2
          db/changelog/v-1.0/4-changeset-order-table.xml::4::Mihai was: 8:961ed47d778605c3305736da22ef20a8 but is now: 8:c915b6c98aed94d6a5c0239bf5762c61
          db/changelog/v-1.0/4-changeset-order-table.xml::4.1::Mihai was: 8:8b799b4fd695abe0c5f6eb442490b68b but is now: 8:44e3e91aab253f5ee7a8c36783f1ebe6
          db/changelog/v-1.0/4-changeset-order-table.xml::4.2::Mihai was: 8:22cce844e7f4cd65a3b96a4296f8b49f but is now: 8:6fc0f0a2ada3519429c051ac5b13f48a
          db/changelog/v-1.0/5-changeset-orderProduct-table.xml::5::Mihai was: 8:389fd1e63f89b88a0a5610e0ab652b9c but is now: 8:210fa01249e0f973ab7096913c179c38
          db/changelog/v-1.0/5-changeset-orderProduct-table.xml::5.1::Mihai was: 8:9860028e048e1b64a5190032287e3cc0 but is now: 8:859c603df7345a89afe4e71f161d5556

	at org.springframework.beans.factory.support.ConstructorResolver.createArgumentArray(ConstructorResolver.java:800)
	at org.springframework.beans.factory.support.ConstructorResolver.autowireConstructor(ConstructorResolver.java:245)
	at org.springframework.beans.factory.support.AbstractAutowireCapableBeanFactory.autowireConstructor(AbstractAutowireCapableBeanFactory.java:1352)
	at org.springframework.beans.factory.support.AbstractAutowireCapableBeanFactory.createBeanInstance(AbstractAutowireCapableBeanFactory.java:1189)
	at org.springframework.beans.factory.support.AbstractAutowireCapableBeanFactory.doCreateBean(AbstractAutowireCapableBeanFactory.java:560)
	at org.springframework.beans.factory.support.AbstractAutowireCapableBeanFactory.createBean(AbstractAutowireCapableBeanFactory.java:520)
	at org.springframework.beans.factory.support.AbstractBeanFactory.lambda$doGetBean$0(AbstractBeanFactory.java:326)
	at org.springframework.beans.factory.support.DefaultSingletonBeanRegistry.getSingleton(DefaultSingletonBeanRegistry.java:234)
	at org.springframework.beans.factory.support.AbstractBeanFactory.doGetBean(AbstractBeanFactory.java:324)
	at org.springframework.beans.factory.support.AbstractBeanFactory.getBean(AbstractBeanFactory.java:200)
	at org.springframework.beans.factory.config.DependencyDescriptor.resolveCandidate(DependencyDescriptor.java:254)
	at org.springframework.beans.factory.support.DefaultListableBeanFactory.doResolveDependency(DefaultListableBeanFactory.java:1417)
	at org.springframework.beans.factory.support.DefaultListableBeanFactory.resolveDependency(DefaultListableBeanFactory.java:1337)
	at org.springframework.beans.factory.support.ConstructorResolver.resolveAutowiredArgument(ConstructorResolver.java:888)
	at org.springframework.beans.factory.support.ConstructorResolver.createArgumentArray(ConstructorResolver.java:791)
	... 68 common frames omitted
Caused by: org.springframework.beans.factory.BeanCreationException: Error creating bean with name 'liquibase' defined in class path resource [org/springframework/boot/autoconfigure/liquibase/LiquibaseAutoConfiguration$LiquibaseConfiguration.class]: Validation Failed:
     6 changesets check sum
          db/changelog/v-1.0/3-changeset-product-table.xml::3.1::Mihai was: 8:1eecda1fe56933193154a70bc1845137 but is now: 8:12291a816c548799d228daf2c70d44d2
          db/changelog/v-1.0/4-changeset-order-table.xml::4::Mihai was: 8:961ed47d778605c3305736da22ef20a8 but is now: 8:c915b6c98aed94d6a5c0239bf5762c61
          db/changelog/v-1.0/4-changeset-order-table.xml::4.1::Mihai was: 8:8b799b4fd695abe0c5f6eb442490b68b but is now: 8:44e3e91aab253f5ee7a8c36783f1ebe6
          db/changelog/v-1.0/4-changeset-order-table.xml::4.2::Mihai was: 8:22cce844e7f4cd65a3b96a4296f8b49f but is now: 8:6fc0f0a2ada3519429c051ac5b13f48a
          db/changelog/v-1.0/5-changeset-orderProduct-table.xml::5::Mihai was: 8:389fd1e63f89b88a0a5610e0ab652b9c but is now: 8:210fa01249e0f973ab7096913c179c38
          db/changelog/v-1.0/5-changeset-orderProduct-table.xml::5.1::Mihai was: 8:9860028e048e1b64a5190032287e3cc0 but is now: 8:859c603df7345a89afe4e71f161d5556

	at org.springframework.beans.factory.support.AbstractAutowireCapableBeanFactory.initializeBean(AbstractAutowireCapableBeanFactory.java:1770)
	at org.springframework.beans.factory.support.AbstractAutowireCapableBeanFactory.doCreateBean(AbstractAutowireCapableBeanFactory.java:598)
	at org.springframework.beans.factory.support.AbstractAutowireCapableBeanFactory.createBean(AbstractAutowireCapableBeanFactory.java:520)
	at org.springframework.beans.factory.support.AbstractBeanFactory.lambda$doGetBean$0(AbstractBeanFactory.java:326)
	at org.springframework.beans.factory.support.DefaultSingletonBeanRegistry.getSingleton(DefaultSingletonBeanRegistry.java:234)
	at org.springframework.beans.factory.support.AbstractBeanFactory.doGetBean(AbstractBeanFactory.java:324)
	at org.springframework.beans.factory.support.AbstractBeanFactory.getBean(AbstractBeanFactory.java:200)
	at org.springframework.beans.factory.support.AbstractBeanFactory.doGetBean(AbstractBeanFactory.java:313)
	at org.springframework.beans.factory.support.AbstractBeanFactory.getBean(AbstractBeanFactory.java:200)
	at org.springframework.beans.factory.config.DependencyDescriptor.resolveCandidate(DependencyDescriptor.java:254)
	at org.springframework.beans.factory.support.DefaultListableBeanFactory.doResolveDependency(DefaultListableBeanFactory.java:1417)
	at org.springframework.beans.factory.support.DefaultListableBeanFactory.resolveDependency(DefaultListableBeanFactory.java:1337)
	at org.springframework.beans.factory.support.ConstructorResolver.resolveAutowiredArgument(ConstructorResolver.java:888)
	at org.springframework.beans.factory.support.ConstructorResolver.createArgumentArray(ConstructorResolver.java:791)
	... 82 common frames omitted
Caused by: liquibase.exception.ValidationFailedException: Validation Failed:
     6 changesets check sum
          db/changelog/v-1.0/3-changeset-product-table.xml::3.1::Mihai was: 8:1eecda1fe56933193154a70bc1845137 but is now: 8:12291a816c548799d228daf2c70d44d2
          db/changelog/v-1.0/4-changeset-order-table.xml::4::Mihai was: 8:961ed47d778605c3305736da22ef20a8 but is now: 8:c915b6c98aed94d6a5c0239bf5762c61
          db/changelog/v-1.0/4-changeset-order-table.xml::4.1::Mihai was: 8:8b799b4fd695abe0c5f6eb442490b68b but is now: 8:44e3e91aab253f5ee7a8c36783f1ebe6
          db/changelog/v-1.0/4-changeset-order-table.xml::4.2::Mihai was: 8:22cce844e7f4cd65a3b96a4296f8b49f but is now: 8:6fc0f0a2ada3519429c051ac5b13f48a
          db/changelog/v-1.0/5-changeset-orderProduct-table.xml::5::Mihai was: 8:389fd1e63f89b88a0a5610e0ab652b9c but is now: 8:210fa01249e0f973ab7096913c179c38
          db/changelog/v-1.0/5-changeset-orderProduct-table.xml::5.1::Mihai was: 8:9860028e048e1b64a5190032287e3cc0 but is now: 8:859c603df7345a89afe4e71f161d5556

	at liquibase.changelog.DatabaseChangeLog.validate(DatabaseChangeLog.java:357)
	at liquibase.Liquibase$16.run(Liquibase.java:2296)
	at liquibase.Scope.lambda$child$0(Scope.java:187)
	at liquibase.Scope.child(Scope.java:196)
	at liquibase.Scope.child(Scope.java:186)
	at liquibase.Scope.child(Scope.java:165)
	at liquibase.Liquibase.runInScope(Liquibase.java:2639)
	at liquibase.Liquibase.listUnrunChangeSets(Liquibase.java:2286)
	at liquibase.Liquibase.isUpToDateFastCheck(Liquibase.java:506)
	at liquibase.Liquibase.lambda$update$1(Liquibase.java:237)
	at liquibase.Scope.lambda$child$0(Scope.java:187)
	at liquibase.Scope.child(Scope.java:196)
	at liquibase.Scope.child(Scope.java:186)
	at liquibase.Scope.child(Scope.java:165)
	at liquibase.Liquibase.runInScope(Liquibase.java:2639)
	at liquibase.Liquibase.update(Liquibase.java:236)
	at liquibase.Liquibase.update(Liquibase.java:221)
	at liquibase.integration.spring.SpringLiquibase.performUpdate(SpringLiquibase.java:329)
	at liquibase.integration.spring.SpringLiquibase.afterPropertiesSet(SpringLiquibase.java:284)
	at org.springframework.beans.factory.support.AbstractAutowireCapableBeanFactory.invokeInitMethods(AbstractAutowireCapableBeanFactory.java:1817)
	at org.springframework.beans.factory.support.AbstractAutowireCapableBeanFactory.initializeBean(AbstractAutowireCapableBeanFactory.java:1766)
	... 95 common frames omitted
2024-11-26 16:30:30 [background-preinit] INFO  o.h.validator.internal.util.Version - HV000001: Hibernate Validator 8.0.1.Final
2024-11-26 16:30:30 [main] INFO  c.I.o.OrderManagementApplication - Starting OrderManagementApplication using Java 17.0.11 with PID 24224 (D:\order-management\target\classes started by mcardauc in D:\order-management)
2024-11-26 16:30:30 [main] INFO  c.I.o.OrderManagementApplication - No active profile set, falling back to 1 default profile: "default"
2024-11-26 16:30:34 [main] INFO  o.s.b.w.e.tomcat.TomcatWebServer - Tomcat initialized with port(s): 8080 (http)
2024-11-26 16:30:34 [main] INFO  o.a.coyote.http11.Http11NioProtocol - Initializing ProtocolHandler ["http-nio-0.0.0.0-8080"]
2024-11-26 16:30:34 [main] INFO  o.a.catalina.core.StandardService - Starting service [Tomcat]
2024-11-26 16:30:34 [main] INFO  o.a.catalina.core.StandardEngine - Starting Servlet engine: [Apache Tomcat/10.1.11]
2024-11-26 16:30:34 [main] INFO  o.a.c.c.C.[Tomcat].[localhost].[/] - Initializing Spring embedded WebApplicationContext
2024-11-26 16:30:34 [main] INFO  o.s.b.w.s.c.ServletWebServerApplicationContext - Root WebApplicationContext: initialization completed in 4009 ms
2024-11-26 16:30:37 [main] INFO  liquibase.changelog - Reading from test.DATABASECHANGELOG
2024-11-26 16:30:37 [main] INFO  liquibase.executor - Changelog query completed.
2024-11-26 16:30:37 [main] INFO  liquibase.changelog - Change failed validation!
2024-11-26 16:30:37 [main] ERROR o.s.b.w.e.tomcat.TomcatStarter - Error starting Tomcat context. Exception: org.springframework.beans.factory.UnsatisfiedDependencyException. Message: Error creating bean with name 'jwtFilter': Unsatisfied dependency expressed through field 'customUserDetailsService': Error creating bean with name 'customUserDetailsService' defined in file [D:\order-management\target\classes\com\ImperioElevator\ordermanagement\security\CustomUserDetailsService.class]: Unsatisfied dependency expressed through constructor parameter 0: Error creating bean with name 'userDaoImpl' defined in file [D:\order-management\target\classes\com\ImperioElevator\ordermanagement\dao\daoimpl\UserDaoImpl.class]: Unsatisfied dependency expressed through constructor parameter 0: Error creating bean with name 'liquibase' defined in class path resource [org/springframework/boot/autoconfigure/liquibase/LiquibaseAutoConfiguration$LiquibaseConfiguration.class]: Validation Failed:
     6 changesets check sum
          db/changelog/v-1.0/3-changeset-product-table.xml::3.1::Mihai was: 8:1eecda1fe56933193154a70bc1845137 but is now: 8:12291a816c548799d228daf2c70d44d2
          db/changelog/v-1.0/4-changeset-order-table.xml::4::Mihai was: 8:961ed47d778605c3305736da22ef20a8 but is now: 8:c915b6c98aed94d6a5c0239bf5762c61
          db/changelog/v-1.0/4-changeset-order-table.xml::4.1::Mihai was: 8:8b799b4fd695abe0c5f6eb442490b68b but is now: 8:44e3e91aab253f5ee7a8c36783f1ebe6
          db/changelog/v-1.0/4-changeset-order-table.xml::4.2::Mihai was: 8:22cce844e7f4cd65a3b96a4296f8b49f but is now: 8:6fc0f0a2ada3519429c051ac5b13f48a
          db/changelog/v-1.0/5-changeset-orderProduct-table.xml::5::Mihai was: 8:389fd1e63f89b88a0a5610e0ab652b9c but is now: 8:210fa01249e0f973ab7096913c179c38
          db/changelog/v-1.0/5-changeset-orderProduct-table.xml::5.1::Mihai was: 8:9860028e048e1b64a5190032287e3cc0 but is now: 8:859c603df7345a89afe4e71f161d5556

2024-11-26 16:30:37 [main] INFO  o.a.catalina.core.StandardService - Stopping service [Tomcat]
2024-11-26 16:30:37 [main] WARN  o.s.b.w.s.c.AnnotationConfigServletWebServerApplicationContext - Exception encountered during context initialization - cancelling refresh attempt: org.springframework.context.ApplicationContextException: Unable to start web server
2024-11-26 16:30:37 [main] INFO  o.s.b.a.l.ConditionEvaluationReportLogger - 

Error starting ApplicationContext. To display the condition evaluation report re-run your application with 'debug' enabled.
2024-11-26 16:30:37 [main] ERROR o.s.boot.SpringApplication - Application run failed
org.springframework.context.ApplicationContextException: Unable to start web server
	at org.springframework.boot.web.servlet.context.ServletWebServerApplicationContext.onRefresh(ServletWebServerApplicationContext.java:164)
	at org.springframework.context.support.AbstractApplicationContext.refresh(AbstractApplicationContext.java:602)
	at org.springframework.boot.web.servlet.context.ServletWebServerApplicationContext.refresh(ServletWebServerApplicationContext.java:146)
	at org.springframework.boot.SpringApplication.refresh(SpringApplication.java:734)
	at org.springframework.boot.SpringApplication.refreshContext(SpringApplication.java:436)
	at org.springframework.boot.SpringApplication.run(SpringApplication.java:312)
	at org.springframework.boot.SpringApplication.run(SpringApplication.java:1306)
	at org.springframework.boot.SpringApplication.run(SpringApplication.java:1295)
	at com.ImperioElevator.ordermanagement.OrderManagementApplication.main(OrderManagementApplication.java:18)
Caused by: org.springframework.boot.web.server.WebServerException: Unable to start embedded Tomcat
	at org.springframework.boot.web.embedded.tomcat.TomcatWebServer.initialize(TomcatWebServer.java:142)
	at org.springframework.boot.web.embedded.tomcat.TomcatWebServer.<init>(TomcatWebServer.java:104)
	at org.springframework.boot.web.embedded.tomcat.TomcatServletWebServerFactory.getTomcatWebServer(TomcatServletWebServerFactory.java:489)
	at org.springframework.boot.web.embedded.tomcat.TomcatServletWebServerFactory.getWebServer(TomcatServletWebServerFactory.java:211)
	at org.springframework.boot.web.servlet.context.ServletWebServerApplicationContext.createWebServer(ServletWebServerApplicationContext.java:183)
	at org.springframework.boot.web.servlet.context.ServletWebServerApplicationContext.onRefresh(ServletWebServerApplicationContext.java:161)
	... 8 common frames omitted
Caused by: org.springframework.beans.factory.UnsatisfiedDependencyException: Error creating bean with name 'jwtFilter': Unsatisfied dependency expressed through field 'customUserDetailsService': Error creating bean with name 'customUserDetailsService' defined in file [D:\order-management\target\classes\com\ImperioElevator\ordermanagement\security\CustomUserDetailsService.class]: Unsatisfied dependency expressed through constructor parameter 0: Error creating bean with name 'userDaoImpl' defined in file [D:\order-management\target\classes\com\ImperioElevator\ordermanagement\dao\daoimpl\UserDaoImpl.class]: Unsatisfied dependency expressed through constructor parameter 0: Error creating bean with name 'liquibase' defined in class path resource [org/springframework/boot/autoconfigure/liquibase/LiquibaseAutoConfiguration$LiquibaseConfiguration.class]: Validation Failed:
     6 changesets check sum
          db/changelog/v-1.0/3-changeset-product-table.xml::3.1::Mihai was: 8:1eecda1fe56933193154a70bc1845137 but is now: 8:12291a816c548799d228daf2c70d44d2
          db/changelog/v-1.0/4-changeset-order-table.xml::4::Mihai was: 8:961ed47d778605c3305736da22ef20a8 but is now: 8:c915b6c98aed94d6a5c0239bf5762c61
          db/changelog/v-1.0/4-changeset-order-table.xml::4.1::Mihai was: 8:8b799b4fd695abe0c5f6eb442490b68b but is now: 8:44e3e91aab253f5ee7a8c36783f1ebe6
          db/changelog/v-1.0/4-changeset-order-table.xml::4.2::Mihai was: 8:22cce844e7f4cd65a3b96a4296f8b49f but is now: 8:6fc0f0a2ada3519429c051ac5b13f48a
          db/changelog/v-1.0/5-changeset-orderProduct-table.xml::5::Mihai was: 8:389fd1e63f89b88a0a5610e0ab652b9c but is now: 8:210fa01249e0f973ab7096913c179c38
          db/changelog/v-1.0/5-changeset-orderProduct-table.xml::5.1::Mihai was: 8:9860028e048e1b64a5190032287e3cc0 but is now: 8:859c603df7345a89afe4e71f161d5556

	at org.springframework.beans.factory.annotation.AutowiredAnnotationBeanPostProcessor$AutowiredFieldElement.resolveFieldValue(AutowiredAnnotationBeanPostProcessor.java:716)
	at org.springframework.beans.factory.annotation.AutowiredAnnotationBeanPostProcessor$AutowiredFieldElement.inject(AutowiredAnnotationBeanPostProcessor.java:696)
	at org.springframework.beans.factory.annotation.InjectionMetadata.inject(InjectionMetadata.java:145)
	at org.springframework.beans.factory.annotation.AutowiredAnnotationBeanPostProcessor.postProcessProperties(AutowiredAnnotationBeanPostProcessor.java:483)
	at org.springframework.beans.factory.support.AbstractAutowireCapableBeanFactory.populateBean(AbstractAutowireCapableBeanFactory.java:1416)
	at org.springframework.beans.factory.support.AbstractAutowireCapableBeanFactory.doCreateBean(AbstractAutowireCapableBeanFactory.java:597)
	at org.springframework.beans.factory.support.AbstractAutowireCapableBeanFactory.createBean(AbstractAutowireCapableBeanFactory.java:520)
	at org.springframework.beans.factory.support.AbstractBeanFactory.lambda$doGetBean$0(AbstractBeanFactory.java:326)
	at org.springframework.beans.factory.support.DefaultSingletonBeanRegistry.getSingleton(DefaultSingletonBeanRegistry.java:234)
	at org.springframework.beans.factory.support.AbstractBeanFactory.doGetBean(AbstractBeanFactory.java:324)
	at org.springframework.beans.factory.support.AbstractBeanFactory.getBean(AbstractBeanFactory.java:205)
	at org.springframework.boot.web.servlet.ServletContextInitializerBeans.getOrderedBeansOfType(ServletContextInitializerBeans.java:210)
	at org.springframework.boot.web.servlet.ServletContextInitializerBeans.addAsRegistrationBean(ServletContextInitializerBeans.java:173)
	at org.springframework.boot.web.servlet.ServletContextInitializerBeans.addAsRegistrationBean(ServletContextInitializerBeans.java:168)
	at org.springframework.boot.web.servlet.ServletContextInitializerBeans.addAdaptableBeans(ServletContextInitializerBeans.java:153)
	at org.springframework.boot.web.servlet.ServletContextInitializerBeans.<init>(ServletContextInitializerBeans.java:86)
	at org.springframework.boot.web.servlet.context.ServletWebServerApplicationContext.getServletContextInitializerBeans(ServletWebServerApplicationContext.java:261)
	at org.springframework.boot.web.servlet.context.ServletWebServerApplicationContext.selfInitialize(ServletWebServerApplicationContext.java:235)
	at org.springframework.boot.web.embedded.tomcat.TomcatStarter.onStartup(TomcatStarter.java:52)
	at org.apache.catalina.core.StandardContext.startInternal(StandardContext.java:4886)
	at org.apache.catalina.util.LifecycleBase.start(LifecycleBase.java:183)
	at org.apache.catalina.core.ContainerBase$StartChild.call(ContainerBase.java:1328)
	at org.apache.catalina.core.ContainerBase$StartChild.call(ContainerBase.java:1318)
	at java.base/java.util.concurrent.FutureTask.run(FutureTask.java:264)
	at org.apache.tomcat.util.threads.InlineExecutorService.execute(InlineExecutorService.java:75)
	at java.base/java.util.concurrent.AbstractExecutorService.submit(AbstractExecutorService.java:145)
	at org.apache.catalina.core.ContainerBase.startInternal(ContainerBase.java:866)
	at org.apache.catalina.core.StandardHost.startInternal(StandardHost.java:846)
	at org.apache.catalina.util.LifecycleBase.start(LifecycleBase.java:183)
	at org.apache.catalina.core.ContainerBase$StartChild.call(ContainerBase.java:1328)
	at org.apache.catalina.core.ContainerBase$StartChild.call(ContainerBase.java:1318)
	at java.base/java.util.concurrent.FutureTask.run(FutureTask.java:264)
	at org.apache.tomcat.util.threads.InlineExecutorService.execute(InlineExecutorService.java:75)
	at java.base/java.util.concurrent.AbstractExecutorService.submit(AbstractExecutorService.java:145)
	at org.apache.catalina.core.ContainerBase.startInternal(ContainerBase.java:866)
	at org.apache.catalina.core.StandardEngine.startInternal(StandardEngine.java:241)
	at org.apache.catalina.util.LifecycleBase.start(LifecycleBase.java:183)
	at org.apache.catalina.core.StandardService.startInternal(StandardService.java:428)
	at org.apache.catalina.util.LifecycleBase.start(LifecycleBase.java:183)
	at org.apache.catalina.core.StandardServer.startInternal(StandardServer.java:918)
	at org.apache.catalina.util.LifecycleBase.start(LifecycleBase.java:183)
	at org.apache.catalina.startup.Tomcat.start(Tomcat.java:485)
	at org.springframework.boot.web.embedded.tomcat.TomcatWebServer.initialize(TomcatWebServer.java:123)
	... 13 common frames omitted
Caused by: org.springframework.beans.factory.UnsatisfiedDependencyException: Error creating bean with name 'customUserDetailsService' defined in file [D:\order-management\target\classes\com\ImperioElevator\ordermanagement\security\CustomUserDetailsService.class]: Unsatisfied dependency expressed through constructor parameter 0: Error creating bean with name 'userDaoImpl' defined in file [D:\order-management\target\classes\com\ImperioElevator\ordermanagement\dao\daoimpl\UserDaoImpl.class]: Unsatisfied dependency expressed through constructor parameter 0: Error creating bean with name 'liquibase' defined in class path resource [org/springframework/boot/autoconfigure/liquibase/LiquibaseAutoConfiguration$LiquibaseConfiguration.class]: Validation Failed:
     6 changesets check sum
          db/changelog/v-1.0/3-changeset-product-table.xml::3.1::Mihai was: 8:1eecda1fe56933193154a70bc1845137 but is now: 8:12291a816c548799d228daf2c70d44d2
          db/changelog/v-1.0/4-changeset-order-table.xml::4::Mihai was: 8:961ed47d778605c3305736da22ef20a8 but is now: 8:c915b6c98aed94d6a5c0239bf5762c61
          db/changelog/v-1.0/4-changeset-order-table.xml::4.1::Mihai was: 8:8b799b4fd695abe0c5f6eb442490b68b but is now: 8:44e3e91aab253f5ee7a8c36783f1ebe6
          db/changelog/v-1.0/4-changeset-order-table.xml::4.2::Mihai was: 8:22cce844e7f4cd65a3b96a4296f8b49f but is now: 8:6fc0f0a2ada3519429c051ac5b13f48a
          db/changelog/v-1.0/5-changeset-orderProduct-table.xml::5::Mihai was: 8:389fd1e63f89b88a0a5610e0ab652b9c but is now: 8:210fa01249e0f973ab7096913c179c38
          db/changelog/v-1.0/5-changeset-orderProduct-table.xml::5.1::Mihai was: 8:9860028e048e1b64a5190032287e3cc0 but is now: 8:859c603df7345a89afe4e71f161d5556

	at org.springframework.beans.factory.support.ConstructorResolver.createArgumentArray(ConstructorResolver.java:800)
	at org.springframework.beans.factory.support.ConstructorResolver.autowireConstructor(ConstructorResolver.java:245)
	at org.springframework.beans.factory.support.AbstractAutowireCapableBeanFactory.autowireConstructor(AbstractAutowireCapableBeanFactory.java:1352)
	at org.springframework.beans.factory.support.AbstractAutowireCapableBeanFactory.createBeanInstance(AbstractAutowireCapableBeanFactory.java:1189)
	at org.springframework.beans.factory.support.AbstractAutowireCapableBeanFactory.doCreateBean(AbstractAutowireCapableBeanFactory.java:560)
	at org.springframework.beans.factory.support.AbstractAutowireCapableBeanFactory.createBean(AbstractAutowireCapableBeanFactory.java:520)
	at org.springframework.beans.factory.support.AbstractBeanFactory.lambda$doGetBean$0(AbstractBeanFactory.java:326)
	at org.springframework.beans.factory.support.DefaultSingletonBeanRegistry.getSingleton(DefaultSingletonBeanRegistry.java:234)
	at org.springframework.beans.factory.support.AbstractBeanFactory.doGetBean(AbstractBeanFactory.java:324)
	at org.springframework.beans.factory.support.AbstractBeanFactory.getBean(AbstractBeanFactory.java:200)
	at org.springframework.beans.factory.config.DependencyDescriptor.resolveCandidate(DependencyDescriptor.java:254)
	at org.springframework.beans.factory.support.DefaultListableBeanFactory.doResolveDependency(DefaultListableBeanFactory.java:1417)
	at org.springframework.beans.factory.support.DefaultListableBeanFactory.resolveDependency(DefaultListableBeanFactory.java:1337)
	at org.springframework.beans.factory.annotation.AutowiredAnnotationBeanPostProcessor$AutowiredFieldElement.resolveFieldValue(AutowiredAnnotationBeanPostProcessor.java:713)
	... 55 common frames omitted
Caused by: org.springframework.beans.factory.UnsatisfiedDependencyException: Error creating bean with name 'userDaoImpl' defined in file [D:\order-management\target\classes\com\ImperioElevator\ordermanagement\dao\daoimpl\UserDaoImpl.class]: Unsatisfied dependency expressed through constructor parameter 0: Error creating bean with name 'liquibase' defined in class path resource [org/springframework/boot/autoconfigure/liquibase/LiquibaseAutoConfiguration$LiquibaseConfiguration.class]: Validation Failed:
     6 changesets check sum
          db/changelog/v-1.0/3-changeset-product-table.xml::3.1::Mihai was: 8:1eecda1fe56933193154a70bc1845137 but is now: 8:12291a816c548799d228daf2c70d44d2
          db/changelog/v-1.0/4-changeset-order-table.xml::4::Mihai was: 8:961ed47d778605c3305736da22ef20a8 but is now: 8:c915b6c98aed94d6a5c0239bf5762c61
          db/changelog/v-1.0/4-changeset-order-table.xml::4.1::Mihai was: 8:8b799b4fd695abe0c5f6eb442490b68b but is now: 8:44e3e91aab253f5ee7a8c36783f1ebe6
          db/changelog/v-1.0/4-changeset-order-table.xml::4.2::Mihai was: 8:22cce844e7f4cd65a3b96a4296f8b49f but is now: 8:6fc0f0a2ada3519429c051ac5b13f48a
          db/changelog/v-1.0/5-changeset-orderProduct-table.xml::5::Mihai was: 8:389fd1e63f89b88a0a5610e0ab652b9c but is now: 8:210fa01249e0f973ab7096913c179c38
          db/changelog/v-1.0/5-changeset-orderProduct-table.xml::5.1::Mihai was: 8:9860028e048e1b64a5190032287e3cc0 but is now: 8:859c603df7345a89afe4e71f161d5556

	at org.springframework.beans.factory.support.ConstructorResolver.createArgumentArray(ConstructorResolver.java:800)
	at org.springframework.beans.factory.support.ConstructorResolver.autowireConstructor(ConstructorResolver.java:245)
	at org.springframework.beans.factory.support.AbstractAutowireCapableBeanFactory.autowireConstructor(AbstractAutowireCapableBeanFactory.java:1352)
	at org.springframework.beans.factory.support.AbstractAutowireCapableBeanFactory.createBeanInstance(AbstractAutowireCapableBeanFactory.java:1189)
	at org.springframework.beans.factory.support.AbstractAutowireCapableBeanFactory.doCreateBean(AbstractAutowireCapableBeanFactory.java:560)
	at org.springframework.beans.factory.support.AbstractAutowireCapableBeanFactory.createBean(AbstractAutowireCapableBeanFactory.java:520)
	at org.springframework.beans.factory.support.AbstractBeanFactory.lambda$doGetBean$0(AbstractBeanFactory.java:326)
	at org.springframework.beans.factory.support.DefaultSingletonBeanRegistry.getSingleton(DefaultSingletonBeanRegistry.java:234)
	at org.springframework.beans.factory.support.AbstractBeanFactory.doGetBean(AbstractBeanFactory.java:324)
	at org.springframework.beans.factory.support.AbstractBeanFactory.getBean(AbstractBeanFactory.java:200)
	at org.springframework.beans.factory.config.DependencyDescriptor.resolveCandidate(DependencyDescriptor.java:254)
	at org.springframework.beans.factory.support.DefaultListableBeanFactory.doResolveDependency(DefaultListableBeanFactory.java:1417)
	at org.springframework.beans.factory.support.DefaultListableBeanFactory.resolveDependency(DefaultListableBeanFactory.java:1337)
	at org.springframework.beans.factory.support.ConstructorResolver.resolveAutowiredArgument(ConstructorResolver.java:888)
	at org.springframework.beans.factory.support.ConstructorResolver.createArgumentArray(ConstructorResolver.java:791)
	... 68 common frames omitted
Caused by: org.springframework.beans.factory.BeanCreationException: Error creating bean with name 'liquibase' defined in class path resource [org/springframework/boot/autoconfigure/liquibase/LiquibaseAutoConfiguration$LiquibaseConfiguration.class]: Validation Failed:
     6 changesets check sum
          db/changelog/v-1.0/3-changeset-product-table.xml::3.1::Mihai was: 8:1eecda1fe56933193154a70bc1845137 but is now: 8:12291a816c548799d228daf2c70d44d2
          db/changelog/v-1.0/4-changeset-order-table.xml::4::Mihai was: 8:961ed47d778605c3305736da22ef20a8 but is now: 8:c915b6c98aed94d6a5c0239bf5762c61
          db/changelog/v-1.0/4-changeset-order-table.xml::4.1::Mihai was: 8:8b799b4fd695abe0c5f6eb442490b68b but is now: 8:44e3e91aab253f5ee7a8c36783f1ebe6
          db/changelog/v-1.0/4-changeset-order-table.xml::4.2::Mihai was: 8:22cce844e7f4cd65a3b96a4296f8b49f but is now: 8:6fc0f0a2ada3519429c051ac5b13f48a
          db/changelog/v-1.0/5-changeset-orderProduct-table.xml::5::Mihai was: 8:389fd1e63f89b88a0a5610e0ab652b9c but is now: 8:210fa01249e0f973ab7096913c179c38
          db/changelog/v-1.0/5-changeset-orderProduct-table.xml::5.1::Mihai was: 8:9860028e048e1b64a5190032287e3cc0 but is now: 8:859c603df7345a89afe4e71f161d5556

	at org.springframework.beans.factory.support.AbstractAutowireCapableBeanFactory.initializeBean(AbstractAutowireCapableBeanFactory.java:1770)
	at org.springframework.beans.factory.support.AbstractAutowireCapableBeanFactory.doCreateBean(AbstractAutowireCapableBeanFactory.java:598)
	at org.springframework.beans.factory.support.AbstractAutowireCapableBeanFactory.createBean(AbstractAutowireCapableBeanFactory.java:520)
	at org.springframework.beans.factory.support.AbstractBeanFactory.lambda$doGetBean$0(AbstractBeanFactory.java:326)
	at org.springframework.beans.factory.support.DefaultSingletonBeanRegistry.getSingleton(DefaultSingletonBeanRegistry.java:234)
	at org.springframework.beans.factory.support.AbstractBeanFactory.doGetBean(AbstractBeanFactory.java:324)
	at org.springframework.beans.factory.support.AbstractBeanFactory.getBean(AbstractBeanFactory.java:200)
	at org.springframework.beans.factory.support.AbstractBeanFactory.doGetBean(AbstractBeanFactory.java:313)
	at org.springframework.beans.factory.support.AbstractBeanFactory.getBean(AbstractBeanFactory.java:200)
	at org.springframework.beans.factory.config.DependencyDescriptor.resolveCandidate(DependencyDescriptor.java:254)
	at org.springframework.beans.factory.support.DefaultListableBeanFactory.doResolveDependency(DefaultListableBeanFactory.java:1417)
	at org.springframework.beans.factory.support.DefaultListableBeanFactory.resolveDependency(DefaultListableBeanFactory.java:1337)
	at org.springframework.beans.factory.support.ConstructorResolver.resolveAutowiredArgument(ConstructorResolver.java:888)
	at org.springframework.beans.factory.support.ConstructorResolver.createArgumentArray(ConstructorResolver.java:791)
	... 82 common frames omitted
Caused by: liquibase.exception.ValidationFailedException: Validation Failed:
     6 changesets check sum
          db/changelog/v-1.0/3-changeset-product-table.xml::3.1::Mihai was: 8:1eecda1fe56933193154a70bc1845137 but is now: 8:12291a816c548799d228daf2c70d44d2
          db/changelog/v-1.0/4-changeset-order-table.xml::4::Mihai was: 8:961ed47d778605c3305736da22ef20a8 but is now: 8:c915b6c98aed94d6a5c0239bf5762c61
          db/changelog/v-1.0/4-changeset-order-table.xml::4.1::Mihai was: 8:8b799b4fd695abe0c5f6eb442490b68b but is now: 8:44e3e91aab253f5ee7a8c36783f1ebe6
          db/changelog/v-1.0/4-changeset-order-table.xml::4.2::Mihai was: 8:22cce844e7f4cd65a3b96a4296f8b49f but is now: 8:6fc0f0a2ada3519429c051ac5b13f48a
          db/changelog/v-1.0/5-changeset-orderProduct-table.xml::5::Mihai was: 8:389fd1e63f89b88a0a5610e0ab652b9c but is now: 8:210fa01249e0f973ab7096913c179c38
          db/changelog/v-1.0/5-changeset-orderProduct-table.xml::5.1::Mihai was: 8:9860028e048e1b64a5190032287e3cc0 but is now: 8:859c603df7345a89afe4e71f161d5556

	at liquibase.changelog.DatabaseChangeLog.validate(DatabaseChangeLog.java:357)
	at liquibase.Liquibase$16.run(Liquibase.java:2296)
	at liquibase.Scope.lambda$child$0(Scope.java:187)
	at liquibase.Scope.child(Scope.java:196)
	at liquibase.Scope.child(Scope.java:186)
	at liquibase.Scope.child(Scope.java:165)
	at liquibase.Liquibase.runInScope(Liquibase.java:2639)
	at liquibase.Liquibase.listUnrunChangeSets(Liquibase.java:2286)
	at liquibase.Liquibase.isUpToDateFastCheck(Liquibase.java:506)
	at liquibase.Liquibase.lambda$update$1(Liquibase.java:237)
	at liquibase.Scope.lambda$child$0(Scope.java:187)
	at liquibase.Scope.child(Scope.java:196)
	at liquibase.Scope.child(Scope.java:186)
	at liquibase.Scope.child(Scope.java:165)
	at liquibase.Liquibase.runInScope(Liquibase.java:2639)
	at liquibase.Liquibase.update(Liquibase.java:236)
	at liquibase.Liquibase.update(Liquibase.java:221)
	at liquibase.integration.spring.SpringLiquibase.performUpdate(SpringLiquibase.java:329)
	at liquibase.integration.spring.SpringLiquibase.afterPropertiesSet(SpringLiquibase.java:284)
	at org.springframework.beans.factory.support.AbstractAutowireCapableBeanFactory.invokeInitMethods(AbstractAutowireCapableBeanFactory.java:1817)
	at org.springframework.beans.factory.support.AbstractAutowireCapableBeanFactory.initializeBean(AbstractAutowireCapableBeanFactory.java:1766)
	... 95 common frames omitted
